mode: set
capstone/usecases/admin_usecase.go:39.17,46.2 1 0
capstone/usecases/admin_usecase.go:48.96,50.16 2 0
capstone/usecases/admin_usecase.go:50.16,52.3 1 0
capstone/usecases/admin_usecase.go:53.2,53.90 1 0
capstone/usecases/admin_usecase.go:53.90,55.3 1 0
capstone/usecases/admin_usecase.go:57.2,58.16 2 0
capstone/usecases/admin_usecase.go:58.16,60.3 1 0
capstone/usecases/admin_usecase.go:61.2,62.16 2 0
capstone/usecases/admin_usecase.go:62.16,64.3 1 0
capstone/usecases/admin_usecase.go:65.2,66.51 2 0
capstone/usecases/admin_usecase.go:66.51,68.3 1 0
capstone/usecases/admin_usecase.go:69.2,77.22 2 0
capstone/usecases/admin_usecase.go:80.52,82.16 2 0
capstone/usecases/admin_usecase.go:82.16,84.3 1 0
capstone/usecases/admin_usecase.go:85.2,86.51 2 0
capstone/usecases/admin_usecase.go:86.51,88.3 1 0
capstone/usecases/admin_usecase.go:89.2,89.12 1 0
capstone/usecases/admin_usecase.go:92.87,94.16 2 0
capstone/usecases/admin_usecase.go:94.16,96.3 1 0
capstone/usecases/admin_usecase.go:97.2,97.40 1 0
capstone/usecases/admin_usecase.go:97.40,99.3 1 0
capstone/usecases/admin_usecase.go:100.2,101.16 2 0
capstone/usecases/admin_usecase.go:101.16,103.3 1 0
capstone/usecases/admin_usecase.go:104.2,107.19 2 0
capstone/usecases/admin_usecase.go:110.114,112.16 2 0
capstone/usecases/admin_usecase.go:112.16,114.3 1 0
capstone/usecases/admin_usecase.go:116.2,118.24 2 0
capstone/usecases/admin_usecase.go:121.91,123.16 2 0
capstone/usecases/admin_usecase.go:123.16,124.10 1 0
capstone/usecases/admin_usecase.go:125.47,126.83 1 0
capstone/usecases/admin_usecase.go:127.11,128.93 1 0
capstone/usecases/admin_usecase.go:132.2,134.17 2 0
capstone/usecases/admin_usecase.go:137.70,140.33 2 0
capstone/usecases/admin_usecase.go:140.33,142.17 2 0
capstone/usecases/admin_usecase.go:142.17,144.4 1 0
capstone/usecases/admin_usecase.go:145.3,145.25 1 0
capstone/usecases/admin_usecase.go:148.2,149.16 2 0
capstone/usecases/admin_usecase.go:149.16,151.3 1 0
capstone/usecases/admin_usecase.go:153.2,156.51 3 0
capstone/usecases/admin_usecase.go:156.51,157.10 1 0
capstone/usecases/admin_usecase.go:158.46,159.76 1 0
capstone/usecases/admin_usecase.go:160.11,161.83 1 0
capstone/usecases/admin_usecase.go:165.2,165.12 1 0
capstone/usecases/admin_usecase.go:168.90,172.16 3 0
capstone/usecases/admin_usecase.go:172.16,173.10 1 0
capstone/usecases/admin_usecase.go:174.47,175.78 1 0
capstone/usecases/admin_usecase.go:176.11,177.85 1 0
capstone/usecases/admin_usecase.go:181.2,181.28 1 0
capstone/usecases/admin_usecase.go:181.28,183.3 1 0
capstone/usecases/admin_usecase.go:183.8,185.21 2 0
capstone/usecases/admin_usecase.go:185.21,187.4 1 0
capstone/usecases/admin_usecase.go:189.3,189.36 1 0
capstone/usecases/admin_usecase.go:192.2,192.34 1 0
capstone/usecases/admin_usecase.go:192.34,193.80 1 0
capstone/usecases/admin_usecase.go:193.80,195.4 1 0
capstone/usecases/admin_usecase.go:198.2,198.33 1 0
capstone/usecases/admin_usecase.go:198.33,201.17 3 0
capstone/usecases/admin_usecase.go:201.17,203.4 1 0
capstone/usecases/admin_usecase.go:204.3,204.25 1 0
capstone/usecases/admin_usecase.go:207.2,209.54 2 0
capstone/usecases/admin_usecase.go:209.54,210.10 1 0
capstone/usecases/admin_usecase.go:211.46,212.76 1 0
capstone/usecases/admin_usecase.go:213.11,214.83 1 0
capstone/usecases/admin_usecase.go:218.2,218.12 1 0
capstone/usecases/admin_usecase.go:221.57,223.16 2 0
capstone/usecases/admin_usecase.go:223.16,224.10 1 0
capstone/usecases/admin_usecase.go:225.47,226.78 1 0
capstone/usecases/admin_usecase.go:227.11,228.84 1 0
capstone/usecases/admin_usecase.go:232.2,232.34 1 0
capstone/usecases/admin_usecase.go:232.34,233.80 1 0
capstone/usecases/admin_usecase.go:233.80,235.4 1 0
capstone/usecases/admin_usecase.go:238.2,238.51 1 0
capstone/usecases/admin_usecase.go:238.51,240.3 1 0
capstone/usecases/admin_usecase.go:242.2,242.12 1 0
capstone/usecases/auth_usecase.go:40.16,48.2 1 0
capstone/usecases/auth_usecase.go:50.94,52.28 2 0
capstone/usecases/auth_usecase.go:52.28,54.3 1 0
capstone/usecases/auth_usecase.go:55.2,56.25 2 0
capstone/usecases/auth_usecase.go:56.25,58.3 1 0
capstone/usecases/auth_usecase.go:60.2,60.45 1 0
capstone/usecases/auth_usecase.go:60.45,62.3 1 0
capstone/usecases/auth_usecase.go:64.2,65.16 2 0
capstone/usecases/auth_usecase.go:65.16,67.3 1 0
capstone/usecases/auth_usecase.go:68.2,82.16 7 0
capstone/usecases/auth_usecase.go:82.16,84.3 1 0
capstone/usecases/auth_usecase.go:85.2,85.78 1 0
capstone/usecases/auth_usecase.go:85.78,87.3 1 0
capstone/usecases/auth_usecase.go:88.2,89.23 2 0
capstone/usecases/auth_usecase.go:92.79,94.17 2 0
capstone/usecases/auth_usecase.go:94.17,96.3 1 0
capstone/usecases/auth_usecase.go:97.2,102.79 5 0
capstone/usecases/auth_usecase.go:102.79,104.3 1 0
capstone/usecases/auth_usecase.go:105.2,106.23 2 0
capstone/usecases/auth_usecase.go:109.75,111.13 2 0
capstone/usecases/auth_usecase.go:111.13,113.3 1 0
capstone/usecases/auth_usecase.go:115.2,115.30 1 0
capstone/usecases/auth_usecase.go:115.30,117.3 1 0
capstone/usecases/auth_usecase.go:119.2,123.17 5 0
capstone/usecases/auth_usecase.go:123.17,125.3 1 0
capstone/usecases/auth_usecase.go:127.2,129.16 3 0
capstone/usecases/auth_usecase.go:129.16,131.3 1 0
capstone/usecases/auth_usecase.go:132.2,132.12 1 0
capstone/usecases/auth_usecase.go:135.85,137.17 2 0
capstone/usecases/auth_usecase.go:137.17,139.3 1 0
capstone/usecases/auth_usecase.go:140.2,140.33 1 0
capstone/usecases/auth_usecase.go:140.33,142.3 1 0
capstone/usecases/auth_usecase.go:143.2,143.90 1 0
capstone/usecases/auth_usecase.go:143.90,145.3 1 0
capstone/usecases/auth_usecase.go:147.2,148.16 2 0
capstone/usecases/auth_usecase.go:148.16,150.3 1 0
capstone/usecases/auth_usecase.go:151.2,152.16 2 0
capstone/usecases/auth_usecase.go:152.16,154.3 1 0
capstone/usecases/auth_usecase.go:155.2,157.16 3 0
capstone/usecases/auth_usecase.go:157.16,159.3 1 0
capstone/usecases/auth_usecase.go:160.2,164.22 2 0
capstone/usecases/auth_usecase.go:167.81,171.17 3 0
capstone/usecases/auth_usecase.go:171.17,173.3 1 0
capstone/usecases/auth_usecase.go:174.2,174.52 1 0
capstone/usecases/auth_usecase.go:174.52,176.3 1 0
capstone/usecases/auth_usecase.go:177.2,178.16 2 0
capstone/usecases/auth_usecase.go:178.16,180.3 1 0
capstone/usecases/auth_usecase.go:181.2,183.16 3 0
capstone/usecases/auth_usecase.go:183.16,185.3 1 0
capstone/usecases/auth_usecase.go:186.2,186.12 1 0
capstone/usecases/auth_usecase.go:189.51,191.16 2 0
capstone/usecases/auth_usecase.go:191.16,193.3 1 0
capstone/usecases/auth_usecase.go:194.2,194.17 1 0
capstone/usecases/auth_usecase.go:194.17,196.3 1 0
capstone/usecases/auth_usecase.go:197.2,199.16 3 0
capstone/usecases/auth_usecase.go:199.16,201.3 1 0
capstone/usecases/auth_usecase.go:202.2,202.12 1 0
capstone/usecases/auth_usecase.go:205.86,207.16 2 0
capstone/usecases/auth_usecase.go:207.16,209.3 1 0
capstone/usecases/auth_usecase.go:210.2,210.24 1 0
capstone/usecases/auth_usecase.go:210.24,212.3 1 0
capstone/usecases/auth_usecase.go:214.2,215.16 2 0
capstone/usecases/auth_usecase.go:215.16,217.3 1 0
capstone/usecases/auth_usecase.go:218.2,221.19 2 0
capstone/usecases/chatbot_usecase.go:23.93,28.2 1 0
capstone/usecases/chatbot_usecase.go:30.106,33.16 3 0
capstone/usecases/chatbot_usecase.go:33.16,35.3 1 0
capstone/usecases/chatbot_usecase.go:37.2,39.16 3 0
capstone/usecases/chatbot_usecase.go:39.16,41.3 1 0
capstone/usecases/chatbot_usecase.go:43.2,44.16 2 0
capstone/usecases/chatbot_usecase.go:44.16,46.3 1 0
capstone/usecases/chatbot_usecase.go:48.2,49.16 2 0
capstone/usecases/chatbot_usecase.go:49.16,51.3 1 0
capstone/usecases/chatbot_usecase.go:53.2,53.42 1 0
capstone/usecases/chatbot_usecase.go:56.64,58.2 1 0
capstone/usecases/dashboard_usecase.go:17.89,19.2 1 0
capstone/usecases/dashboard_usecase.go:21.73,23.16 2 0
capstone/usecases/dashboard_usecase.go:23.16,25.3 1 0
capstone/usecases/dashboard_usecase.go:27.2,28.16 2 0
capstone/usecases/dashboard_usecase.go:28.16,30.3 1 0
capstone/usecases/dashboard_usecase.go:32.2,33.16 2 0
capstone/usecases/dashboard_usecase.go:33.16,35.3 1 0
capstone/usecases/dashboard_usecase.go:37.2,38.16 2 0
capstone/usecases/dashboard_usecase.go:38.16,40.3 1 0
capstone/usecases/dashboard_usecase.go:42.2,43.16 2 0
capstone/usecases/dashboard_usecase.go:43.16,45.3 1 0
capstone/usecases/dashboard_usecase.go:47.2,48.16 2 0
capstone/usecases/dashboard_usecase.go:48.16,50.3 1 0
capstone/usecases/dashboard_usecase.go:52.2,53.16 2 0
capstone/usecases/dashboard_usecase.go:53.16,55.3 1 0
capstone/usecases/dashboard_usecase.go:57.2,58.16 2 0
capstone/usecases/dashboard_usecase.go:58.16,60.3 1 0
capstone/usecases/dashboard_usecase.go:62.2,77.22 2 0
capstone/usecases/destination_media_usecase.go:29.221,35.2 1 0
capstone/usecases/destination_media_usecase.go:37.92,38.78 1 0
capstone/usecases/destination_media_usecase.go:38.78,40.3 1 0
capstone/usecases/destination_media_usecase.go:42.2,50.79 2 0
capstone/usecases/destination_media_usecase.go:50.79,52.3 1 0
capstone/usecases/destination_media_usecase.go:54.2,54.12 1 0
capstone/usecases/destination_media_usecase.go:57.138,59.16 2 0
capstone/usecases/destination_media_usecase.go:59.16,61.3 1 0
capstone/usecases/destination_media_usecase.go:63.2,65.29 2 0
capstone/usecases/destination_media_usecase.go:68.107,70.16 2 0
capstone/usecases/destination_media_usecase.go:70.16,72.3 1 0
capstone/usecases/destination_media_usecase.go:74.2,76.23 2 0
capstone/usecases/destination_media_usecase.go:79.106,81.16 2 0
capstone/usecases/destination_media_usecase.go:81.16,83.3 1 0
capstone/usecases/destination_media_usecase.go:85.2,90.72 5 0
capstone/usecases/destination_media_usecase.go:90.72,92.3 1 0
capstone/usecases/destination_media_usecase.go:94.2,94.12 1 0
capstone/usecases/destination_media_usecase.go:97.63,99.16 2 0
capstone/usecases/destination_media_usecase.go:99.16,101.3 1 0
capstone/usecases/destination_media_usecase.go:102.2,103.76 2 0
capstone/usecases/destination_media_usecase.go:103.76,106.3 2 0
capstone/usecases/destination_media_usecase.go:108.2,108.77 1 0
capstone/usecases/destination_media_usecase.go:108.77,110.3 1 0
capstone/usecases/destination_media_usecase.go:112.2,114.12 2 0
capstone/usecases/destination_media_usecase.go:117.107,119.16 2 0
capstone/usecases/destination_media_usecase.go:119.16,121.3 1 0
capstone/usecases/destination_media_usecase.go:123.2,125.77 2 0
capstone/usecases/destination_media_usecase.go:125.77,127.3 1 0
capstone/usecases/destination_media_usecase.go:129.2,129.17 1 0
capstone/usecases/destination_media_usecase.go:132.126,134.16 2 0
capstone/usecases/destination_media_usecase.go:134.16,136.3 1 0
capstone/usecases/destination_media_usecase.go:138.2,141.16 3 0
capstone/usecases/destination_media_usecase.go:141.16,143.3 1 0
capstone/usecases/destination_media_usecase.go:145.2,148.72 3 0
capstone/usecases/destination_media_usecase.go:148.72,150.3 1 0
capstone/usecases/destination_media_usecase.go:152.2,152.63 1 0
capstone/usecases/destination_media_usecase.go:152.63,154.3 1 0
capstone/usecases/destination_media_usecase.go:156.2,156.17 1 0
capstone/usecases/destination_usecase.go:53.23,66.2 1 0
capstone/usecases/destination_usecase.go:68.161,70.16 2 0
capstone/usecases/destination_usecase.go:70.16,72.3 1 0
capstone/usecases/destination_usecase.go:73.2,74.43 2 0
capstone/usecases/destination_usecase.go:77.103,79.16 2 0
capstone/usecases/destination_usecase.go:79.16,81.3 1 0
capstone/usecases/destination_usecase.go:83.2,84.16 2 0
capstone/usecases/destination_usecase.go:84.16,86.3 1 0
capstone/usecases/destination_usecase.go:88.2,90.22 2 0
capstone/usecases/destination_usecase.go:93.101,95.35 2 0
capstone/usecases/destination_usecase.go:95.35,97.3 1 0
capstone/usecases/destination_usecase.go:99.2,114.77 3 0
capstone/usecases/destination_usecase.go:114.77,117.3 2 0
capstone/usecases/destination_usecase.go:119.2,121.95 2 0
capstone/usecases/destination_usecase.go:121.95,124.3 2 0
capstone/usecases/destination_usecase.go:126.2,131.35 3 0
capstone/usecases/destination_usecase.go:131.35,134.3 2 0
capstone/usecases/destination_usecase.go:137.2,139.31 2 0
capstone/usecases/destination_usecase.go:139.31,142.3 2 0
capstone/usecases/destination_usecase.go:145.2,147.38 2 0
capstone/usecases/destination_usecase.go:147.38,150.3 2 0
capstone/usecases/destination_usecase.go:152.2,152.91 1 0
capstone/usecases/destination_usecase.go:152.91,155.3 2 0
capstone/usecases/destination_usecase.go:157.2,159.12 2 0
capstone/usecases/destination_usecase.go:162.115,164.16 2 0
capstone/usecases/destination_usecase.go:164.16,166.3 1 0
capstone/usecases/destination_usecase.go:168.2,178.35 9 0
capstone/usecases/destination_usecase.go:178.35,180.3 1 0
capstone/usecases/destination_usecase.go:181.2,186.111 3 0
capstone/usecases/destination_usecase.go:186.111,189.3 2 0
capstone/usecases/destination_usecase.go:191.2,193.50 2 0
capstone/usecases/destination_usecase.go:193.50,194.84 1 0
capstone/usecases/destination_usecase.go:194.84,197.4 2 0
capstone/usecases/destination_usecase.go:200.2,200.77 1 0
capstone/usecases/destination_usecase.go:200.77,203.3 2 0
capstone/usecases/destination_usecase.go:206.2,212.35 4 0
capstone/usecases/destination_usecase.go:212.35,215.3 2 0
capstone/usecases/destination_usecase.go:218.2,220.31 2 0
capstone/usecases/destination_usecase.go:220.31,223.3 2 0
capstone/usecases/destination_usecase.go:226.2,228.38 2 0
capstone/usecases/destination_usecase.go:228.38,231.3 2 0
capstone/usecases/destination_usecase.go:233.2,233.91 1 0
capstone/usecases/destination_usecase.go:233.91,236.3 2 0
capstone/usecases/destination_usecase.go:238.2,240.12 2 0
capstone/usecases/destination_usecase.go:243.129,245.16 2 0
capstone/usecases/destination_usecase.go:245.16,247.3 1 0
capstone/usecases/destination_usecase.go:249.2,251.29 2 0
capstone/usecases/destination_usecase.go:254.105,256.16 2 0
capstone/usecases/destination_usecase.go:256.16,258.3 1 0
capstone/usecases/destination_usecase.go:260.2,262.22 2 0
capstone/usecases/destination_usecase.go:265.69,267.16 2 0
capstone/usecases/destination_usecase.go:267.16,269.3 1 0
capstone/usecases/destination_usecase.go:271.2,273.66 2 0
capstone/usecases/destination_usecase.go:273.66,276.3 2 0
capstone/usecases/destination_usecase.go:278.2,278.92 1 0
capstone/usecases/destination_usecase.go:278.92,281.3 2 0
capstone/usecases/destination_usecase.go:283.2,283.100 1 0
capstone/usecases/destination_usecase.go:283.100,286.3 2 0
capstone/usecases/destination_usecase.go:288.2,288.65 1 0
capstone/usecases/destination_usecase.go:288.65,289.78 1 0
capstone/usecases/destination_usecase.go:289.78,292.4 2 0
capstone/usecases/destination_usecase.go:294.3,294.78 1 0
capstone/usecases/destination_usecase.go:294.78,296.4 1 0
capstone/usecases/destination_usecase.go:299.2,301.12 2 0
capstone/usecases/destination_usecase.go:305.71,307.16 2 0
capstone/usecases/destination_usecase.go:307.16,309.3 1 0
capstone/usecases/destination_usecase.go:310.2,313.77 3 0
capstone/usecases/destination_usecase.go:313.77,316.3 2 0
capstone/usecases/destination_usecase.go:318.2,320.12 2 0
capstone/usecases/destination_usecase.go:323.82,325.16 2 0
capstone/usecases/destination_usecase.go:325.16,327.3 1 0
capstone/usecases/destination_usecase.go:329.2,331.22 2 0
capstone/usecases/destination_usecase.go:334.100,336.16 2 0
capstone/usecases/destination_usecase.go:336.16,338.3 1 0
capstone/usecases/destination_usecase.go:339.2,339.28 1 0
capstone/usecases/destination_usecase.go:339.28,341.3 1 0
capstone/usecases/destination_usecase.go:342.2,343.22 2 0
capstone/usecases/homepage_usecase.go:42.20,50.2 1 0
capstone/usecases/homepage_usecase.go:52.109,56.16 3 0
capstone/usecases/homepage_usecase.go:56.16,58.3 1 0
capstone/usecases/homepage_usecase.go:60.2,60.57 1 0
capstone/usecases/homepage_usecase.go:63.93,65.16 2 0
capstone/usecases/homepage_usecase.go:65.16,67.3 1 0
capstone/usecases/homepage_usecase.go:69.2,69.60 1 0
capstone/usecases/homepage_usecase.go:72.98,78.46 4 0
capstone/usecases/homepage_usecase.go:78.46,80.3 1 0
capstone/usecases/homepage_usecase.go:82.2,82.16 1 0
capstone/usecases/homepage_usecase.go:82.16,84.17 2 0
capstone/usecases/homepage_usecase.go:84.17,86.4 1 0
capstone/usecases/homepage_usecase.go:88.3,88.65 1 0
capstone/usecases/homepage_usecase.go:91.2,92.16 2 0
capstone/usecases/homepage_usecase.go:92.16,93.10 1 0
capstone/usecases/homepage_usecase.go:94.47,95.83 1 0
capstone/usecases/homepage_usecase.go:96.11,97.99 1 0
capstone/usecases/homepage_usecase.go:101.2,112.16 6 0
capstone/usecases/homepage_usecase.go:112.16,114.3 1 0
capstone/usecases/homepage_usecase.go:116.2,122.16 2 0
capstone/usecases/homepage_usecase.go:122.16,124.3 1 0
capstone/usecases/homepage_usecase.go:126.2,126.37 1 0
capstone/usecases/homepage_usecase.go:126.37,128.3 1 0
capstone/usecases/homepage_usecase.go:128.8,135.17 4 0
capstone/usecases/homepage_usecase.go:135.17,137.4 1 0
capstone/usecases/homepage_usecase.go:139.3,140.21 2 0
capstone/usecases/homepage_usecase.go:143.2,144.16 2 0
capstone/usecases/homepage_usecase.go:144.16,146.3 1 0
capstone/usecases/homepage_usecase.go:148.2,149.16 2 0
capstone/usecases/homepage_usecase.go:149.16,151.3 1 0
capstone/usecases/homepage_usecase.go:153.2,153.66 1 0
capstone/usecases/profile_usecase.go:35.19,37.2 1 0
capstone/usecases/profile_usecase.go:39.79,41.16 2 0
capstone/usecases/profile_usecase.go:41.16,43.3 1 0
capstone/usecases/profile_usecase.go:44.2,44.18 1 0
capstone/usecases/profile_usecase.go:47.96,49.17 2 0
capstone/usecases/profile_usecase.go:49.17,51.3 1 0
capstone/usecases/profile_usecase.go:52.2,52.33 1 0
capstone/usecases/profile_usecase.go:52.33,54.24 2 0
capstone/usecases/profile_usecase.go:54.24,56.4 1 0
capstone/usecases/profile_usecase.go:59.2,68.69 9 0
capstone/usecases/profile_usecase.go:68.69,70.3 1 0
capstone/usecases/profile_usecase.go:72.2,72.49 1 0
capstone/usecases/profile_usecase.go:72.49,74.3 1 0
capstone/usecases/profile_usecase.go:75.2,75.12 1 0
capstone/usecases/profile_usecase.go:78.113,79.31 1 0
capstone/usecases/profile_usecase.go:79.31,81.3 1 0
capstone/usecases/profile_usecase.go:83.2,83.58 1 0
capstone/usecases/profile_usecase.go:83.58,85.3 1 0
capstone/usecases/profile_usecase.go:86.2,86.58 1 0
capstone/usecases/profile_usecase.go:86.58,88.3 1 0
capstone/usecases/profile_usecase.go:90.2,91.16 2 0
capstone/usecases/profile_usecase.go:91.16,93.3 1 0
capstone/usecases/profile_usecase.go:94.2,98.64 3 0
capstone/usecases/profile_usecase.go:98.64,99.79 1 0
capstone/usecases/profile_usecase.go:99.79,101.4 1 0
capstone/usecases/profile_usecase.go:104.2,105.16 2 0
capstone/usecases/profile_usecase.go:105.16,107.3 1 0
capstone/usecases/profile_usecase.go:108.2,110.12 2 0
capstone/usecases/profile_usecase.go:113.98,115.17 2 0
capstone/usecases/profile_usecase.go:115.17,117.3 1 0
capstone/usecases/profile_usecase.go:119.2,119.94 1 0
capstone/usecases/profile_usecase.go:119.94,121.3 1 0
capstone/usecases/profile_usecase.go:123.2,123.56 1 0
capstone/usecases/profile_usecase.go:123.56,125.3 1 0
capstone/usecases/profile_usecase.go:127.2,128.16 2 0
capstone/usecases/profile_usecase.go:128.16,130.3 1 0
capstone/usecases/profile_usecase.go:131.2,133.48 2 0
capstone/usecases/profile_usecase.go:133.48,135.3 1 0
capstone/usecases/profile_usecase.go:136.2,136.12 1 0
capstone/usecases/route_usecase.go:43.17,51.2 1 0
capstone/usecases/route_usecase.go:53.105,55.16 2 0
capstone/usecases/route_usecase.go:55.16,57.3 1 0
capstone/usecases/route_usecase.go:58.2,58.27 1 0
capstone/usecases/route_usecase.go:61.73,63.16 2 0
capstone/usecases/route_usecase.go:63.16,65.3 1 0
capstone/usecases/route_usecase.go:66.2,66.19 1 0
capstone/usecases/route_usecase.go:69.57,71.16 2 0
capstone/usecases/route_usecase.go:71.16,73.3 1 0
capstone/usecases/route_usecase.go:74.2,74.50 1 0
capstone/usecases/route_usecase.go:74.50,76.3 1 0
capstone/usecases/route_usecase.go:78.2,78.73 1 0
capstone/usecases/route_usecase.go:78.73,80.3 1 0
capstone/usecases/route_usecase.go:81.2,81.12 1 0
capstone/usecases/route_usecase.go:84.105,90.42 2 0
capstone/usecases/route_usecase.go:90.42,93.17 3 0
capstone/usecases/route_usecase.go:93.17,94.46 1 0
capstone/usecases/route_usecase.go:94.46,96.5 1 0
capstone/usecases/route_usecase.go:98.4,98.97 1 0
capstone/usecases/route_usecase.go:100.3,100.52 1 0
capstone/usecases/route_usecase.go:103.2,108.16 3 0
capstone/usecases/route_usecase.go:108.16,110.3 1 0
capstone/usecases/route_usecase.go:112.2,123.17 3 0
capstone/usecases/route_usecase.go:126.72,138.33 2 0
capstone/usecases/route_usecase.go:138.33,140.3 1 0
capstone/usecases/route_usecase.go:142.2,142.51 1 0
capstone/usecases/route_usecase.go:142.51,144.3 1 0
capstone/usecases/route_usecase.go:146.2,146.51 1 0
capstone/usecases/route_usecase.go:146.51,159.64 2 0
capstone/usecases/route_usecase.go:159.64,161.4 1 0
capstone/usecases/route_usecase.go:164.2,164.12 1 0
capstone/usecases/route_usecase.go:167.92,169.16 2 0
capstone/usecases/route_usecase.go:169.16,171.3 1 0
capstone/usecases/route_usecase.go:172.2,172.20 1 0
capstone/usecases/route_usecase.go:175.93,177.16 2 0
capstone/usecases/route_usecase.go:177.16,179.3 1 0
capstone/usecases/route_usecase.go:180.2,180.19 1 0
capstone/usecases/user_personalization_usecase.go:33.27,39.2 1 0
capstone/usecases/user_personalization_usecase.go:41.82,43.16 2 0
capstone/usecases/user_personalization_usecase.go:43.16,45.3 1 0
capstone/usecases/user_personalization_usecase.go:47.2,50.16 3 0
capstone/usecases/user_personalization_usecase.go:50.16,52.3 1 0
capstone/usecases/user_personalization_usecase.go:54.2,54.17 1 0
capstone/usecases/user_personalization_usecase.go:57.83,59.16 2 0
capstone/usecases/user_personalization_usecase.go:59.16,61.3 1 0
capstone/usecases/user_personalization_usecase.go:63.2,66.16 3 0
capstone/usecases/user_personalization_usecase.go:66.16,68.3 1 0
capstone/usecases/user_personalization_usecase.go:70.2,70.17 1 0
capstone/usecases/user_personalization_usecase.go:73.117,79.49 4 0
capstone/usecases/user_personalization_usecase.go:79.49,80.62 1 0
capstone/usecases/user_personalization_usecase.go:80.62,82.4 1 0
capstone/usecases/user_personalization_usecase.go:84.3,90.4 1 0
capstone/usecases/user_personalization_usecase.go:93.2,93.49 1 0
capstone/usecases/user_personalization_usecase.go:93.49,94.62 1 0
capstone/usecases/user_personalization_usecase.go:94.62,96.4 1 0
capstone/usecases/user_personalization_usecase.go:98.3,104.4 1 0
capstone/usecases/user_personalization_usecase.go:107.2,115.16 3 0
capstone/usecases/user_personalization_usecase.go:115.16,116.10 1 0
capstone/usecases/user_personalization_usecase.go:117.46,118.78 1 0
capstone/usecases/user_personalization_usecase.go:119.11,120.91 1 0
capstone/usecases/user_personalization_usecase.go:124.2,124.12 1 0
capstone/usecases/user_usecase.go:37.16,39.2 1 0
capstone/usecases/user_usecase.go:41.71,43.16 2 0
capstone/usecases/user_usecase.go:43.16,45.3 1 0
capstone/usecases/user_usecase.go:46.2,46.18 1 0
capstone/usecases/user_usecase.go:49.103,51.16 2 0
capstone/usecases/user_usecase.go:51.16,53.3 1 0
capstone/usecases/user_usecase.go:54.2,54.26 1 0
capstone/usecases/user_usecase.go:57.63,59.26 2 0
capstone/usecases/user_usecase.go:59.26,61.3 1 0
capstone/usecases/user_usecase.go:63.2,64.23 2 0
capstone/usecases/user_usecase.go:64.23,66.3 1 0
capstone/usecases/user_usecase.go:68.2,69.16 2 0
capstone/usecases/user_usecase.go:69.16,71.3 1 0
capstone/usecases/user_usecase.go:72.2,86.68 2 0
capstone/usecases/user_usecase.go:86.68,88.3 1 0
capstone/usecases/user_usecase.go:90.2,90.50 1 0
capstone/usecases/user_usecase.go:90.50,92.3 1 0
capstone/usecases/user_usecase.go:93.2,93.12 1 0
capstone/usecases/user_usecase.go:96.77,98.17 2 0
capstone/usecases/user_usecase.go:98.17,100.3 1 0
capstone/usecases/user_usecase.go:102.2,102.39 1 0
capstone/usecases/user_usecase.go:102.39,104.27 2 0
capstone/usecases/user_usecase.go:104.27,106.4 1 0
capstone/usecases/user_usecase.go:109.2,109.33 1 0
capstone/usecases/user_usecase.go:109.33,111.24 2 0
capstone/usecases/user_usecase.go:111.24,113.4 1 0
capstone/usecases/user_usecase.go:116.2,117.16 2 0
capstone/usecases/user_usecase.go:117.16,119.3 1 0
capstone/usecases/user_usecase.go:121.2,131.68 10 0
capstone/usecases/user_usecase.go:131.68,133.3 1 0
capstone/usecases/user_usecase.go:135.2,135.50 1 0
capstone/usecases/user_usecase.go:135.50,137.3 1 0
capstone/usecases/user_usecase.go:138.2,138.12 1 0
capstone/usecases/user_usecase.go:141.51,143.17 2 0
capstone/usecases/user_usecase.go:143.17,145.3 1 0
capstone/usecases/user_usecase.go:147.2,147.64 1 0
capstone/usecases/user_usecase.go:147.64,148.80 1 0
capstone/usecases/user_usecase.go:148.80,150.4 1 0
capstone/usecases/user_usecase.go:153.2,153.51 1 0
capstone/usecases/user_usecase.go:153.51,155.3 1 0
capstone/usecases/user_usecase.go:156.2,156.12 1 0
capstone/usecases/user_usecase.go:159.104,160.31 1 0
capstone/usecases/user_usecase.go:160.31,162.3 1 0
capstone/usecases/user_usecase.go:164.2,164.62 1 0
capstone/usecases/user_usecase.go:164.62,166.3 1 0
capstone/usecases/user_usecase.go:167.2,167.62 1 0
capstone/usecases/user_usecase.go:167.62,169.3 1 0
capstone/usecases/user_usecase.go:171.2,172.16 2 0
capstone/usecases/user_usecase.go:172.16,174.3 1 0
capstone/usecases/user_usecase.go:175.2,178.64 3 0
capstone/usecases/user_usecase.go:178.64,179.79 1 0
capstone/usecases/user_usecase.go:179.79,181.4 1 0
capstone/usecases/user_usecase.go:184.2,185.16 2 0
capstone/usecases/user_usecase.go:185.16,187.3 1 0
capstone/usecases/user_usecase.go:188.2,190.12 2 0
